MLLB_CPU_batch_1, 3
MLLB_CPU_batch_2, 5
MLLB_CPU_batch_4, 11
MLLB_CPU_batch_8, 22
MLLB_CPU_batch_16, 42
MLLB_CPU_batch_32, 63
MLLB_CPU_batch_64, 144
MLLB_CPU_batch_128, 256
MLLB_CPU_batch_256, 363
MLLB_CPU_batch_512, 680
MLLB_CPU_batch_1024, 955
MLLB_CPU_batch_2048, 1633
MLLB_CPU_batch_4096, 4884
MLLB_CPU_batch_8192, 5566
MLLB_CPU_batch_16384, 11184
MLLB_CPU_batch_32768, 22410
MLLB_CPU_batch_65536, 44708
MLLB_dGPU_batch_1, 25
MLLB_dGPU_batch_2, 25
MLLB_dGPU_batch_4, 25
MLLB_dGPU_batch_8, 25
MLLB_dGPU_batch_16, 25
MLLB_dGPU_batch_32, 26
MLLB_dGPU_batch_64, 25
MLLB_dGPU_batch_128, 25
MLLB_dGPU_batch_256, 26
MLLB_dGPU_batch_512, 26
MLLB_dGPU_batch_1024, 29
MLLB_dGPU_batch_2048, 41
MLLB_dGPU_batch_4096, 51
MLLB_dGPU_batch_8192, 75
MLLB_dGPU_batch_16384, 134
MLLB_dGPU_batch_32768, 218
MLLB_dGPU_batch_65536, 385
MLLB_APU_PL_batch_1, 15
MLLB_APU_PL_batch_2, 15
MLLB_APU_PL_batch_4, 15
MLLB_APU_PL_batch_8, 15
MLLB_APU_PL_batch_16, 15
MLLB_APU_PL_batch_32, 15
MLLB_APU_PL_batch_64, 15
MLLB_APU_PL_batch_128, 15
MLLB_APU_PL_batch_256, 15
MLLB_APU_PL_batch_512, 15
MLLB_APU_PL_batch_1024, 15
MLLB_APU_PL_batch_2048, 16
MLLB_APU_PL_batch_4096, 18
MLLB_APU_PL_batch_8192, 21
MLLB_APU_PL_batch_16384, 35
MLLB_APU_PL_batch_32768, 50
MLLB_APU_PL_batch_65536, 78
MLLB_APU_PK_batch_1,1
MLLB_APU_PK_batch_2,1
MLLB_APU_PK_batch_4,1
MLLB_APU_PK_batch_8,2
MLLB_APU_PK_batch_16,1
MLLB_APU_PK_batch_32,3
MLLB_APU_PK_batch_64,1
MLLB_APU_PK_batch_128,2
MLLB_APU_PK_batch_256,2
MLLB_APU_PK_batch_512,4
MLLB_APU_PK_batch_1024,5
MLLB_APU_PK_batch_2048,9
MLLB_APU_PK_batch_4096,14
