linnos+0_APU_PK_batch_1,7
linnos+0_APU_PK_batch_2,10
linnos+0_APU_PK_batch_4,22
linnos+0_APU_PK_batch_8,51
linnos+0_APU_PK_batch_16,73
linnos+0_APU_PK_batch_32,100
linnos+0_APU_PL_batch_1,20
linnos+0_APU_PL_batch_2,20
linnos+0_APU_PL_batch_4,21
linnos+0_APU_PL_batch_8,21
linnos+0_APU_PL_batch_16,22
linnos+0_APU_PL_batch_32,26
linnos+0_APU_PL_batch_64,37
linnos+0_APU_PL_batch_128,46
linnos+0_APU_PL_batch_256,82
linnos+0_APU_PL_batch_512,138
linnos+0_APU_PL_batch_1024,279
linnos+1_APU_PL_batch_1,64
linnos+1_APU_PL_batch_2,62
linnos+1_APU_PL_batch_4,62
linnos+1_APU_PL_batch_8,62
linnos+1_APU_PL_batch_16,66
linnos+1_APU_PL_batch_32,84
linnos+1_APU_PL_batch_64,200
linnos+1_APU_PL_batch_128,559
linnos+1_APU_PL_batch_256,1287
linnos+1_APU_PL_batch_512,2754
linnos+1_APU_PL_batch_1024,5855
linnos+2_APU_PL_batch_1,101
linnos+2_APU_PL_batch_2,97
linnos+2_APU_PL_batch_4,96
linnos+2_APU_PL_batch_8,99
linnos+2_APU_PL_batch_16,106
linnos+2_APU_PL_batch_32,140
linnos+2_APU_PL_batch_64,327
linnos+2_APU_PL_batch_128,968
linnos+2_APU_PL_batch_256,2426
linnos+2_APU_PL_batch_512,5325
linnos+2_APU_PL_batch_1024,11233
linnos+0_CPU_batch_1,8
linnos+0_CPU_batch_2,28
linnos+0_CPU_batch_4,46
linnos+0_CPU_batch_8,77
linnos+0_CPU_batch_16,48
linnos+0_CPU_batch_32,121
linnos+0_CPU_batch_64,693
linnos+0_CPU_batch_128,1335
linnos+0_CPU_batch_256,2670
linnos+0_CPU_batch_512,1629
linnos+0_CPU_batch_1024,3080
linnos+1_CPU_batch_1,44
linnos+1_CPU_batch_2,88
linnos+1_CPU_batch_4,177
linnos+1_CPU_batch_8,490
linnos+1_CPU_batch_16,717
linnos+1_CPU_batch_32,1362
linnos+1_CPU_batch_64,2749
linnos+1_CPU_batch_128,5352
linnos+1_CPU_batch_256,10559
linnos+1_CPU_batch_512,20893
linnos+1_CPU_batch_1024,41719
linnos+2_CPU_batch_1,80
linnos+2_CPU_batch_2,168
linnos+2_CPU_batch_4,349
linnos+2_CPU_batch_8,694
linnos+2_CPU_batch_16,1286
linnos+2_CPU_batch_32,2556
linnos+2_CPU_batch_64,5100
linnos+2_CPU_batch_128,10174
linnos+2_CPU_batch_256,20405
linnos+2_CPU_batch_512,40885
linnos+2_CPU_batch_1024,81431
linnos+0_dGPU_batch_1,23
linnos+0_dGPU_batch_2,23
linnos+0_dGPU_batch_4,24
linnos+0_dGPU_batch_8,24
linnos+0_dGPU_batch_16,22
linnos+0_dGPU_batch_32,33
linnos+0_dGPU_batch_64,34
linnos+0_dGPU_batch_128,37
linnos+0_dGPU_batch_256,54
linnos+0_dGPU_batch_512,98
linnos+0_dGPU_batch_1024,159
linnos+1_dGPU_batch_1,60
linnos+1_dGPU_batch_2,61
linnos+1_dGPU_batch_4,61
linnos+1_dGPU_batch_8,61
linnos+1_dGPU_batch_16,62
linnos+1_dGPU_batch_32,97
linnos+1_dGPU_batch_64,132
linnos+1_dGPU_batch_128,249
linnos+1_dGPU_batch_256,480
linnos+1_dGPU_batch_512,959
linnos+1_dGPU_batch_1024,1894
linnos+2_dGPU_batch_1,97
linnos+2_dGPU_batch_2,97
linnos+2_dGPU_batch_4,97
linnos+2_dGPU_batch_8,98
linnos+2_dGPU_batch_16,98
linnos+2_dGPU_batch_32,157
linnos+2_dGPU_batch_64,232
linnos+2_dGPU_batch_128,451
linnos+2_dGPU_batch_256,866
linnos+2_dGPU_batch_512,1737
linnos+2_dGPU_batch_1024,3441
