KML_dGPU_batch_1,33
KML_dGPU_batch_2,29
KML_dGPU_batch_4,30
KML_dGPU_batch_8,30
KML_dGPU_batch_16,29
KML_dGPU_batch_32,31
KML_dGPU_batch_64,32
KML_dGPU_batch_128,34
KML_dGPU_batch_256,36
KML_dGPU_batch_512,43
KML_dGPU_batch_1024,58
KML_dGPU_batch_2048,80
KML_dGPU_batch_4096,126
KML_APU_PL_batch_1,18
KML_APU_PL_batch_2,18
KML_APU_PL_batch_4,19
KML_APU_PL_batch_8,18
KML_APU_PL_batch_16,19
KML_APU_PL_batch_32,21
KML_APU_PL_batch_64,22
KML_APU_PL_batch_128,26
KML_APU_PL_batch_256,37
KML_APU_PL_batch_512,56
KML_APU_PL_batch_1024,88
KML_APU_PL_batch_2048,165
KML_APU_PL_batch_4096,306
KML_CPU_batch_1,28
KML_CPU_batch_2,34
KML_CPU_batch_4,35
KML_CPU_batch_8,45
KML_CPU_batch_16,46
KML_CPU_batch_32,61
KML_CPU_batch_64,68
KML_CPU_batch_128,107
KML_CPU_batch_256,158
KML_CPU_batch_512,242
KML_CPU_batch_1024,374
KML_CPU_batch_2048,595
KML_CPU_batch_4096,902
KML_APU_PK_batch_1,2
KML_APU_PK_batch_2,2
KML_APU_PK_batch_4,3
KML_APU_PK_batch_8,4
KML_APU_PK_batch_16,9
KML_APU_PK_batch_32,33
KML_APU_PK_batch_64,109
KML_APU_PK_batch_128,166
KML_APU_PK_batch_256,505
